# JRE version: OpenJDK Runtime Environment Temurin-17.0.12+7 (17.0.12+7) (build 17.0.12+7)
# Java VM: OpenJDK 64-Bit Server VM Temurin-17.0.12+7 (17.0.12+7, mixed mode, emulated-client, tiered, compressed oops, compressed class ptrs, g1 gc, windows-amd64)
GC Precious Log:
 CPUs: 8 total, 8 available
 Memory: 5965M
 Large Page Support: Disabled
 NUMA Support: Disabled
 Compressed Oops: Enabled (32-bit)
 Heap Region Size: 1M
 Heap Min Capacity: 8M
 Heap Initial Capacity: 94M
 Heap Max Capacity: 1G
 Pre-touch: Disabled
 Parallel Workers: 8
 Concurrent Workers: 2
 Concurrent Refinement Workers: 8
 Periodic GC: Disabled
Heap:
 garbage-first heap   total 81920K, used 25126K [0x00000000c0000000, 0x0000000100000000)
  region size 1024K, 1 young (1024K), 0 survivors (0K)
 Metaspace       used 40215K, committed 40704K, reserved 1114112K
  class space    used 5078K, committed 5248K, reserved 1048576K
GC Heap History (20 events):
Event: 1099.344 GC heap after
{Heap after GC invocations=107 (full 99):
 garbage-first heap   total 81920K, used 25126K [0x00000000c0000000, 0x0000000100000000)
  region size 1024K, 0 young (0K), 0 survivors (0K)
 Metaspace       used 40215K, committed 40704K, reserved 1114112K
  class space    used 5078K, committed 5248K, reserved 1048576K
}
Event: 1109.604 GC heap before
{Heap before GC invocations=107 (full 99):
 garbage-first heap   total 81920K, used 25126K [0x00000000c0000000, 0x0000000100000000)
  region size 1024K, 1 young (1024K), 0 survivors (0K)
 Metaspace       used 40215K, committed 40704K, reserved 1114112K
  class space    used 5078K, committed 5248K, reserved 1048576K
}
Event: 1109.624 GC heap after
{Heap after GC invocations=108 (full 100):
 garbage-first heap   total 81920K, used 25126K [0x00000000c0000000, 0x0000000100000000)
  region size 1024K, 0 young (0K), 0 survivors (0K)
 Metaspace       used 40215K, committed 40704K, reserved 1114112K
  class space    used 5078K, committed 5248K, reserved 1048576K
}
Event: 1119.880 GC heap before
{Heap before GC invocations=108 (full 100):
 garbage-first heap   total 81920K, used 25126K [0x00000000c0000000, 0x0000000100000000)
  region size 1024K, 1 young (1024K), 0 survivors (0K)
 Metaspace       used 40215K, committed 40704K, reserved 1114112K
  class space    used 5078K, committed 5248K, reserved 1048576K
}
Event: 1119.898 GC heap after
{Heap after GC invocations=109 (full 101):
 garbage-first heap   total 81920K, used 25126K [0x00000000c0000000, 0x0000000100000000)
  region size 1024K, 0 young (0K), 0 survivors (0K)
 Metaspace       used 40215K, committed 40704K, reserved 1114112K
  class space    used 5078K, committed 5248K, reserved 1048576K
}
Event: 1130.190 GC heap before
{Heap before GC invocations=109 (full 101):
 garbage-first heap   total 81920K, used 25126K [0x00000000c0000000, 0x0000000100000000)
  region size 1024K, 1 young (1024K), 0 survivors (0K)
 Metaspace       used 40215K, committed 40704K, reserved 1114112K
  class space    used 5078K, committed 5248K, reserved 1048576K
}
Event: 1130.208 GC heap after
{Heap after GC invocations=110 (full 102):
 garbage-first heap   total 81920K, used 25126K [0x00000000c0000000, 0x0000000100000000)
  region size 1024K, 0 young (0K), 0 survivors (0K)
 Metaspace       used 40215K, committed 40704K, reserved 1114112K
  class space    used 5078K, committed 5248K, reserved 1048576K
}
Event: 1140.513 GC heap before
{Heap before GC invocations=110 (full 102):
 garbage-first heap   total 81920K, used 25126K [0x00000000c0000000, 0x0000000100000000)
  region size 1024K, 1 young (1024K), 0 survivors (0K)
 Metaspace       used 40215K, committed 40704K, reserved 1114112K
  class space    used 5078K, committed 5248K, reserved 1048576K
}
Event: 1140.535 GC heap after
{Heap after GC invocations=111 (full 103):
 garbage-first heap   total 81920K, used 25126K [0x00000000c0000000, 0x0000000100000000)
  region size 1024K, 0 young (0K), 0 survivors (0K)
 Metaspace       used 40215K, committed 40704K, reserved 1114112K
  class space    used 5078K, committed 5248K, reserved 1048576K
}
Event: 1150.800 GC heap before
{Heap before GC invocations=111 (full 103):
 garbage-first heap   total 81920K, used 25126K [0x00000000c0000000, 0x0000000100000000)
  region size 1024K, 1 young (1024K), 0 survivors (0K)
 Metaspace       used 40215K, committed 40704K, reserved 1114112K
  class space    used 5078K, committed 5248K, reserved 1048576K
}
Event: 1150.818 GC heap after
{Heap after GC invocations=112 (full 104):
 garbage-first heap   total 81920K, used 25126K [0x00000000c0000000, 0x0000000100000000)
  region size 1024K, 0 young (0K), 0 survivors (0K)
 Metaspace       used 40215K, committed 40704K, reserved 1114112K
  class space    used 5078K, committed 5248K, reserved 1048576K
}
Event: 1161.081 GC heap before
{Heap before GC invocations=112 (full 104):
 garbage-first heap   total 81920K, used 25126K [0x00000000c0000000, 0x0000000100000000)
  region size 1024K, 1 young (1024K), 0 survivors (0K)
 Metaspace       used 40215K, committed 40704K, reserved 1114112K
  class space    used 5078K, committed 5248K, reserved 1048576K
}
Event: 1161.100 GC heap after
{Heap after GC invocations=113 (full 105):
 garbage-first heap   total 81920K, used 25126K [0x00000000c0000000, 0x0000000100000000)
  region size 1024K, 0 young (0K), 0 survivors (0K)
 Metaspace       used 40215K, committed 40704K, reserved 1114112K
  class space    used 5078K, committed 5248K, reserved 1048576K
}
Event: 1171.460 GC heap before
{Heap before GC invocations=113 (full 105):
 garbage-first heap   total 81920K, used 25126K [0x00000000c0000000, 0x0000000100000000)
  region size 1024K, 1 young (1024K), 0 survivors (0K)
 Metaspace       used 40215K, committed 40704K, reserved 1114112K
  class space    used 5078K, committed 5248K, reserved 1048576K
}
Event: 1171.486 GC heap after
{Heap after GC invocations=114 (full 106):
 garbage-first heap   total 81920K, used 25126K [0x00000000c0000000, 0x0000000100000000)
  region size 1024K, 0 young (0K), 0 survivors (0K)
 Metaspace       used 40215K, committed 40704K, reserved 1114112K
  class space    used 5078K, committed 5248K, reserved 1048576K
}
Event: 1181.770 GC heap before
{Heap before GC invocations=114 (full 106):
 garbage-first heap   total 81920K, used 25126K [0x00000000c0000000, 0x0000000100000000)
  region size 1024K, 1 young (1024K), 0 survivors (0K)
 Metaspace       used 40215K, committed 40704K, reserved 1114112K
  class space    used 5078K, committed 5248K, reserved 1048576K
}
Event: 1181.788 GC heap after
{Heap after GC invocations=115 (full 107):
 garbage-first heap   total 81920K, used 25126K [0x00000000c0000000, 0x0000000100000000)
  region size 1024K, 0 young (0K), 0 survivors (0K)
 Metaspace       used 40215K, committed 40704K, reserved 1114112K
  class space    used 5078K, committed 5248K, reserved 1048576K
}
Event: 1192.141 GC heap before
{Heap before GC invocations=115 (full 107):
 garbage-first heap   total 81920K, used 25126K [0x00000000c0000000, 0x0000000100000000)
  region size 1024K, 1 young (1024K), 0 survivors (0K)
 Metaspace       used 40215K, committed 40704K, reserved 1114112K
  class space    used 5078K, committed 5248K, reserved 1048576K
}
Event: 1192.161 GC heap after
{Heap after GC invocations=116 (full 108):
 garbage-first heap   total 81920K, used 25126K [0x00000000c0000000, 0x0000000100000000)
  region size 1024K, 0 young (0K), 0 survivors (0K)
 Metaspace       used 40215K, committed 40704K, reserved 1114112K
  class space    used 5078K, committed 5248K, reserved 1048576K
}
Event: 1202.233 GC heap before
{Heap before GC invocations=116 (full 108):
 garbage-first heap   total 81920K, used 25126K [0x00000000c0000000, 0x0000000100000000)
  region size 1024K, 1 young (1024K), 0 survivors (0K)
 Metaspace       used 40215K, committed 40704K, reserved 1114112K
  class space    used 5078K, committed 5248K, reserved 1048576K
}

