# JRE version: OpenJDK Runtime Environment Temurin-21.0.4+7 (21.0.4+7) (build 21.0.4+7-LTS)
# Java VM: OpenJDK 64-Bit Server VM Temurin-21.0.4+7 (21.0.4+7-LTS, mixed mode, sharing, tiered, compressed oops, compressed class ptrs, g1 gc, windows-amd64)
GC Precious Log:
 CardTable entry size: 512
 Card Set container configuration: InlinePtr #cards 5 size 8 Array Of Cards #cards 12 size 40 Howl #buckets 4 coarsen threshold 1843 Howl Bitmap #cards 512 size 80 coarsen threshold 460 Card regions per heap region 1 cards per card region 2048
 CPUs: 8 total, 8 available
 Memory: 5965M
 Large Page Support: Disabled
 NUMA Support: Disabled
 Compressed Oops: Enabled (32-bit)
 Heap Region Size: 1M
 Heap Min Capacity: 256M
 Heap Initial Capacity: 256M
 Heap Max Capacity: 512M
 Pre-touch: Disabled
 Parallel Workers: 8
 Concurrent Workers: 2
 Concurrent Refinement Workers: 8
 Periodic GC: Disabled
Heap:
 garbage-first heap   total 396288K, used 183529K [0x00000000e0000000, 0x0000000100000000)
  region size 1024K, 25 young (25600K), 14 survivors (14336K)
 Metaspace       used 52992K, committed 54528K, reserved 393216K
  class space    used 7499K, committed 8256K, reserved 327680K
GC Heap History (20 events):
Event: 24.349 GC heap before
{Heap before GC invocations=27 (full 0):
 garbage-first heap   total 396288K, used 328192K [0x00000000e0000000, 0x0000000100000000)
  region size 1024K, 127 young (130048K), 2 survivors (2048K)
 Metaspace       used 52950K, committed 54528K, reserved 393216K
  class space    used 7498K, committed 8256K, reserved 327680K
}
Event: 24.359 GC heap after
{Heap after GC invocations=28 (full 0):
 garbage-first heap   total 396288K, used 188020K [0x00000000e0000000, 0x0000000100000000)
  region size 1024K, 3 young (3072K), 3 survivors (3072K)
 Metaspace       used 52950K, committed 54528K, reserved 393216K
  class space    used 7498K, committed 8256K, reserved 327680K
}
Event: 24.774 GC heap before
{Heap before GC invocations=28 (full 0):
 garbage-first heap   total 396288K, used 332404K [0x00000000e0000000, 0x0000000100000000)
  region size 1024K, 144 young (147456K), 3 survivors (3072K)
 Metaspace       used 52950K, committed 54528K, reserved 393216K
  class space    used 7498K, committed 8256K, reserved 327680K
}
Event: 24.780 GC heap after
{Heap after GC invocations=29 (full 0):
 garbage-first heap   total 396288K, used 189728K [0x00000000e0000000, 0x0000000100000000)
  region size 1024K, 5 young (5120K), 5 survivors (5120K)
 Metaspace       used 52950K, committed 54528K, reserved 393216K
  class space    used 7498K, committed 8256K, reserved 327680K
}
Event: 25.435 GC heap before
{Heap before GC invocations=30 (full 0):
 garbage-first heap   total 396288K, used 336160K [0x00000000e0000000, 0x0000000100000000)
  region size 1024K, 153 young (156672K), 5 survivors (5120K)
 Metaspace       used 52951K, committed 54528K, reserved 393216K
  class space    used 7498K, committed 8256K, reserved 327680K
}
Event: 25.439 GC heap after
{Heap after GC invocations=31 (full 0):
 garbage-first heap   total 396288K, used 185905K [0x00000000e0000000, 0x0000000100000000)
  region size 1024K, 6 young (6144K), 6 survivors (6144K)
 Metaspace       used 52951K, committed 54528K, reserved 393216K
  class space    used 7498K, committed 8256K, reserved 327680K
}
Event: 26.010 GC heap before
{Heap before GC invocations=31 (full 0):
 garbage-first heap   total 396288K, used 346673K [0x00000000e0000000, 0x0000000100000000)
  region size 1024K, 164 young (167936K), 6 survivors (6144K)
 Metaspace       used 52956K, committed 54528K, reserved 393216K
  class space    used 7498K, committed 8256K, reserved 327680K
}
Event: 26.023 GC heap after
{Heap after GC invocations=32 (full 0):
 garbage-first heap   total 396288K, used 172422K [0x00000000e0000000, 0x0000000100000000)
  region size 1024K, 8 young (8192K), 8 survivors (8192K)
 Metaspace       used 52956K, committed 54528K, reserved 393216K
  class space    used 7498K, committed 8256K, reserved 327680K
}
Event: 26.658 GC heap before
{Heap before GC invocations=32 (full 0):
 garbage-first heap   total 396288K, used 358790K [0x00000000e0000000, 0x0000000100000000)
  region size 1024K, 190 young (194560K), 8 survivors (8192K)
 Metaspace       used 52958K, committed 54528K, reserved 393216K
  class space    used 7498K, committed 8256K, reserved 327680K
}
Event: 26.666 GC heap after
{Heap after GC invocations=33 (full 0):
 garbage-first heap   total 396288K, used 175960K [0x00000000e0000000, 0x0000000100000000)
  region size 1024K, 12 young (12288K), 12 survivors (12288K)
 Metaspace       used 52958K, committed 54528K, reserved 393216K
  class space    used 7498K, committed 8256K, reserved 327680K
}
Event: 27.320 GC heap before
{Heap before GC invocations=34 (full 0):
 garbage-first heap   total 396288K, used 362328K [0x00000000e0000000, 0x0000000100000000)
  region size 1024K, 194 young (198656K), 12 survivors (12288K)
 Metaspace       used 52958K, committed 54528K, reserved 393216K
  class space    used 7498K, committed 8256K, reserved 327680K
}
Event: 27.328 GC heap after
{Heap after GC invocations=35 (full 0):
 garbage-first heap   total 396288K, used 176884K [0x00000000e0000000, 0x0000000100000000)
  region size 1024K, 13 young (13312K), 13 survivors (13312K)
 Metaspace       used 52958K, committed 54528K, reserved 393216K
  class space    used 7498K, committed 8256K, reserved 327680K
}
Event: 27.595 GC heap before
{Heap before GC invocations=35 (full 0):
 garbage-first heap   total 396288K, used 361204K [0x00000000e0000000, 0x0000000100000000)
  region size 1024K, 193 young (197632K), 13 survivors (13312K)
 Metaspace       used 52964K, committed 54528K, reserved 393216K
  class space    used 7498K, committed 8256K, reserved 327680K
}
Event: 27.608 GC heap after
{Heap after GC invocations=36 (full 0):
 garbage-first heap   total 396288K, used 175794K [0x00000000e0000000, 0x0000000100000000)
  region size 1024K, 15 young (15360K), 15 survivors (15360K)
 Metaspace       used 52964K, committed 54528K, reserved 393216K
  class space    used 7498K, committed 8256K, reserved 327680K
}
Event: 28.027 GC heap before
{Heap before GC invocations=36 (full 0):
 garbage-first heap   total 396288K, used 358066K [0x00000000e0000000, 0x0000000100000000)
  region size 1024K, 194 young (198656K), 15 survivors (15360K)
 Metaspace       used 52965K, committed 54528K, reserved 393216K
  class space    used 7498K, committed 8256K, reserved 327680K
}
Event: 28.038 GC heap after
{Heap after GC invocations=37 (full 0):
 garbage-first heap   total 396288K, used 178678K [0x00000000e0000000, 0x0000000100000000)
  region size 1024K, 16 young (16384K), 16 survivors (16384K)
 Metaspace       used 52965K, committed 54528K, reserved 393216K
  class space    used 7498K, committed 8256K, reserved 327680K
}
Event: 28.795 GC heap before
{Heap before GC invocations=38 (full 0):
 garbage-first heap   total 396288K, used 357878K [0x00000000e0000000, 0x0000000100000000)
  region size 1024K, 191 young (195584K), 16 survivors (16384K)
 Metaspace       used 52987K, committed 54528K, reserved 393216K
  class space    used 7498K, committed 8256K, reserved 327680K
}
Event: 28.802 GC heap after
{Heap after GC invocations=39 (full 0):
 garbage-first heap   total 396288K, used 171521K [0x00000000e0000000, 0x0000000100000000)
  region size 1024K, 9 young (9216K), 9 survivors (9216K)
 Metaspace       used 52987K, committed 54528K, reserved 393216K
  class space    used 7498K, committed 8256K, reserved 327680K
}
Event: 29.474 GC heap before
{Heap before GC invocations=39 (full 0):
 garbage-first heap   total 396288K, used 366081K [0x00000000e0000000, 0x0000000100000000)
  region size 1024K, 199 young (203776K), 9 survivors (9216K)
 Metaspace       used 52990K, committed 54528K, reserved 393216K
  class space    used 7498K, committed 8256K, reserved 327680K
}
Event: 29.486 GC heap after
{Heap after GC invocations=40 (full 0):
 garbage-first heap   total 396288K, used 170212K [0x00000000e0000000, 0x0000000100000000)
  region size 1024K, 11 young (11264K), 11 survivors (11264K)
 Metaspace       used 52990K, committed 54528K, reserved 393216K
  class space    used 7498K, committed 8256K, reserved 327680K
}

