# JRE version: OpenJDK Runtime Environment Temurin-17.0.12+7 (17.0.12+7) (build 17.0.12+7)
# Java VM: OpenJDK 64-Bit Server VM Temurin-17.0.12+7 (17.0.12+7, mixed mode, emulated-client, tiered, compressed oops, compressed class ptrs, g1 gc, windows-amd64)
GC Precious Log:
 CPUs: 8 total, 8 available
 Memory: 5965M
 Large Page Support: Disabled
 NUMA Support: Disabled
 Compressed Oops: Enabled (32-bit)
 Heap Region Size: 1M
 Heap Min Capacity: 8M
 Heap Initial Capacity: 94M
 Heap Max Capacity: 1G
 Pre-touch: Disabled
 Parallel Workers: 8
 Concurrent Workers: 2
 Concurrent Refinement Workers: 8
 Periodic GC: Disabled
Heap:
 garbage-first heap   total 78848K, used 28335K [0x00000000c0000000, 0x0000000100000000)
  region size 1024K, 1 young (1024K), 0 survivors (0K)
 Metaspace       used 49492K, committed 50176K, reserved 1114112K
  class space    used 6453K, committed 6720K, reserved 1048576K
GC Heap History (20 events):
Event: 2181.410 GC heap after
{Heap after GC invocations=218 (full 207):
 garbage-first heap   total 78848K, used 28335K [0x00000000c0000000, 0x0000000100000000)
  region size 1024K, 0 young (0K), 0 survivors (0K)
 Metaspace       used 49492K, committed 50176K, reserved 1114112K
  class space    used 6453K, committed 6720K, reserved 1048576K
}
Event: 2191.705 GC heap before
{Heap before GC invocations=218 (full 207):
 garbage-first heap   total 78848K, used 28335K [0x00000000c0000000, 0x0000000100000000)
  region size 1024K, 1 young (1024K), 0 survivors (0K)
 Metaspace       used 49492K, committed 50176K, reserved 1114112K
  class space    used 6453K, committed 6720K, reserved 1048576K
}
Event: 2191.740 GC heap after
{Heap after GC invocations=219 (full 208):
 garbage-first heap   total 78848K, used 28335K [0x00000000c0000000, 0x0000000100000000)
  region size 1024K, 0 young (0K), 0 survivors (0K)
 Metaspace       used 49492K, committed 50176K, reserved 1114112K
  class space    used 6453K, committed 6720K, reserved 1048576K
}
Event: 2202.095 GC heap before
{Heap before GC invocations=219 (full 208):
 garbage-first heap   total 78848K, used 28335K [0x00000000c0000000, 0x0000000100000000)
  region size 1024K, 1 young (1024K), 0 survivors (0K)
 Metaspace       used 49492K, committed 50176K, reserved 1114112K
  class space    used 6453K, committed 6720K, reserved 1048576K
}
Event: 2202.130 GC heap after
{Heap after GC invocations=220 (full 209):
 garbage-first heap   total 78848K, used 28335K [0x00000000c0000000, 0x0000000100000000)
  region size 1024K, 0 young (0K), 0 survivors (0K)
 Metaspace       used 49492K, committed 50176K, reserved 1114112K
  class space    used 6453K, committed 6720K, reserved 1048576K
}
Event: 2212.441 GC heap before
{Heap before GC invocations=220 (full 209):
 garbage-first heap   total 78848K, used 28335K [0x00000000c0000000, 0x0000000100000000)
  region size 1024K, 1 young (1024K), 0 survivors (0K)
 Metaspace       used 49492K, committed 50176K, reserved 1114112K
  class space    used 6453K, committed 6720K, reserved 1048576K
}
Event: 2212.488 GC heap after
{Heap after GC invocations=221 (full 210):
 garbage-first heap   total 78848K, used 28335K [0x00000000c0000000, 0x0000000100000000)
  region size 1024K, 0 young (0K), 0 survivors (0K)
 Metaspace       used 49492K, committed 50176K, reserved 1114112K
  class space    used 6453K, committed 6720K, reserved 1048576K
}
Event: 2222.789 GC heap before
{Heap before GC invocations=221 (full 210):
 garbage-first heap   total 78848K, used 28335K [0x00000000c0000000, 0x0000000100000000)
  region size 1024K, 1 young (1024K), 0 survivors (0K)
 Metaspace       used 49492K, committed 50176K, reserved 1114112K
  class space    used 6453K, committed 6720K, reserved 1048576K
}
Event: 2222.822 GC heap after
{Heap after GC invocations=222 (full 211):
 garbage-first heap   total 78848K, used 28335K [0x00000000c0000000, 0x0000000100000000)
  region size 1024K, 0 young (0K), 0 survivors (0K)
 Metaspace       used 49492K, committed 50176K, reserved 1114112K
  class space    used 6453K, committed 6720K, reserved 1048576K
}
Event: 2233.099 GC heap before
{Heap before GC invocations=222 (full 211):
 garbage-first heap   total 78848K, used 28335K [0x00000000c0000000, 0x0000000100000000)
  region size 1024K, 1 young (1024K), 0 survivors (0K)
 Metaspace       used 49492K, committed 50176K, reserved 1114112K
  class space    used 6453K, committed 6720K, reserved 1048576K
}
Event: 2233.132 GC heap after
{Heap after GC invocations=223 (full 212):
 garbage-first heap   total 78848K, used 28335K [0x00000000c0000000, 0x0000000100000000)
  region size 1024K, 0 young (0K), 0 survivors (0K)
 Metaspace       used 49492K, committed 50176K, reserved 1114112K
  class space    used 6453K, committed 6720K, reserved 1048576K
}
Event: 2243.410 GC heap before
{Heap before GC invocations=223 (full 212):
 garbage-first heap   total 78848K, used 28335K [0x00000000c0000000, 0x0000000100000000)
  region size 1024K, 1 young (1024K), 0 survivors (0K)
 Metaspace       used 49492K, committed 50176K, reserved 1114112K
  class space    used 6453K, committed 6720K, reserved 1048576K
}
Event: 2243.450 GC heap after
{Heap after GC invocations=224 (full 213):
 garbage-first heap   total 78848K, used 28335K [0x00000000c0000000, 0x0000000100000000)
  region size 1024K, 0 young (0K), 0 survivors (0K)
 Metaspace       used 49492K, committed 50176K, reserved 1114112K
  class space    used 6453K, committed 6720K, reserved 1048576K
}
Event: 2253.737 GC heap before
{Heap before GC invocations=224 (full 213):
 garbage-first heap   total 78848K, used 28335K [0x00000000c0000000, 0x0000000100000000)
  region size 1024K, 1 young (1024K), 0 survivors (0K)
 Metaspace       used 49492K, committed 50176K, reserved 1114112K
  class space    used 6453K, committed 6720K, reserved 1048576K
}
Event: 2253.771 GC heap after
{Heap after GC invocations=225 (full 214):
 garbage-first heap   total 78848K, used 28335K [0x00000000c0000000, 0x0000000100000000)
  region size 1024K, 0 young (0K), 0 survivors (0K)
 Metaspace       used 49492K, committed 50176K, reserved 1114112K
  class space    used 6453K, committed 6720K, reserved 1048576K
}
Event: 2264.027 GC heap before
{Heap before GC invocations=225 (full 214):
 garbage-first heap   total 78848K, used 28335K [0x00000000c0000000, 0x0000000100000000)
  region size 1024K, 1 young (1024K), 0 survivors (0K)
 Metaspace       used 49492K, committed 50176K, reserved 1114112K
  class space    used 6453K, committed 6720K, reserved 1048576K
}
Event: 2264.063 GC heap after
{Heap after GC invocations=226 (full 215):
 garbage-first heap   total 78848K, used 28335K [0x00000000c0000000, 0x0000000100000000)
  region size 1024K, 0 young (0K), 0 survivors (0K)
 Metaspace       used 49492K, committed 50176K, reserved 1114112K
  class space    used 6453K, committed 6720K, reserved 1048576K
}
Event: 2274.328 GC heap before
{Heap before GC invocations=226 (full 215):
 garbage-first heap   total 78848K, used 28335K [0x00000000c0000000, 0x0000000100000000)
  region size 1024K, 1 young (1024K), 0 survivors (0K)
 Metaspace       used 49492K, committed 50176K, reserved 1114112K
  class space    used 6453K, committed 6720K, reserved 1048576K
}
Event: 2274.367 GC heap after
{Heap after GC invocations=227 (full 216):
 garbage-first heap   total 78848K, used 28335K [0x00000000c0000000, 0x0000000100000000)
  region size 1024K, 0 young (0K), 0 survivors (0K)
 Metaspace       used 49492K, committed 50176K, reserved 1114112K
  class space    used 6453K, committed 6720K, reserved 1048576K
}
Event: 2284.471 GC heap before
{Heap before GC invocations=227 (full 216):
 garbage-first heap   total 78848K, used 28335K [0x00000000c0000000, 0x0000000100000000)
  region size 1024K, 1 young (1024K), 0 survivors (0K)
 Metaspace       used 49492K, committed 50176K, reserved 1114112K
  class space    used 6453K, committed 6720K, reserved 1048576K
}

