# JRE version: OpenJDK Runtime Environment Temurin-22.0.2+9 (22.0.2+9) (build 22.0.2+9)
# Java VM: OpenJDK 64-Bit Server VM Temurin-22.0.2+9 (22.0.2+9, mixed mode, sharing, tiered, compressed oops, compressed class ptrs, g1 gc, windows-amd64)
GC Precious Log:
 CardTable entry size: 512
 Card Set container configuration: InlinePtr #cards 5 size 8 Array Of Cards #cards 12 size 40 Howl #buckets 4 coarsen threshold 1843 Howl Bitmap #cards 512 size 80 coarsen threshold 460 Card regions per heap region 1 cards per card region 2048
 CPUs: 8 total, 8 available
 Memory: 5965M
 Large Page Support: Disabled
 NUMA Support: Disabled
 Compressed Oops: Enabled (32-bit)
 Heap Region Size: 1M
 Heap Min Capacity: 8M
 Heap Initial Capacity: 94M
 Heap Max Capacity: 1492M
 Pre-touch: Disabled
 Parallel Workers: 8
 Concurrent Workers: 2
 Concurrent Refinement Workers: 8
 Periodic GC: Disabled
Heap:
 garbage-first heap   total reserved 1527808K, committed 69632K, used 40626K [0x00000000a2c00000, 0x0000000100000000)
  region size 1024K, 15 young (15360K), 3 survivors (3072K)
 Metaspace       used 67235K, committed 67968K, reserved 1114112K
  class space    used 9140K, committed 9472K, reserved 1048576K
GC Heap History (20 events):
Event: 9.136 GC heap before
{Heap before GC invocations=4 (full 0):
 garbage-first heap   total reserved 1527808K, committed 48128K, used 46944K [0x00000000a2c00000, 0x0000000100000000)
  region size 1024K, 39 young (39936K), 6 survivors (6144K)
 Metaspace       used 25003K, committed 25344K, reserved 1114112K
  class space    used 3173K, committed 3328K, reserved 1048576K
}
Event: 9.153 GC heap after
{Heap after GC invocations=5 (full 0):
 garbage-first heap   total reserved 1527808K, committed 57344K, used 16786K [0x00000000a2c00000, 0x0000000100000000)
  region size 1024K, 7 young (7168K), 7 survivors (7168K)
 Metaspace       used 25003K, committed 25344K, reserved 1114112K
  class space    used 3173K, committed 3328K, reserved 1048576K
}
Event: 11.315 GC heap before
{Heap before GC invocations=5 (full 0):
 garbage-first heap   total reserved 1527808K, committed 57344K, used 43410K [0x00000000a2c00000, 0x0000000100000000)
  region size 1024K, 33 young (33792K), 7 survivors (7168K)
 Metaspace       used 28794K, committed 29184K, reserved 1114112K
  class space    used 3677K, committed 3840K, reserved 1048576K
}
Event: 11.330 GC heap after
{Heap after GC invocations=6 (full 0):
 garbage-first heap   total reserved 1527808K, committed 57344K, used 18734K [0x00000000a2c00000, 0x0000000100000000)
  region size 1024K, 3 young (3072K), 3 survivors (3072K)
 Metaspace       used 28794K, committed 29184K, reserved 1114112K
  class space    used 3677K, committed 3840K, reserved 1048576K
}
Event: 13.374 GC heap before
{Heap before GC invocations=6 (full 0):
 garbage-first heap   total reserved 1527808K, committed 57344K, used 45358K [0x00000000a2c00000, 0x0000000100000000)
  region size 1024K, 29 young (29696K), 3 survivors (3072K)
 Metaspace       used 33753K, committed 34304K, reserved 1114112K
  class space    used 4363K, committed 4608K, reserved 1048576K
}
Event: 13.387 GC heap after
{Heap after GC invocations=7 (full 0):
 garbage-first heap   total reserved 1527808K, committed 57344K, used 21504K [0x00000000a2c00000, 0x0000000100000000)
  region size 1024K, 4 young (4096K), 4 survivors (4096K)
 Metaspace       used 33753K, committed 34304K, reserved 1114112K
  class space    used 4363K, committed 4608K, reserved 1048576K
}
Event: 14.853 GC heap before
{Heap before GC invocations=7 (full 0):
 garbage-first heap   total reserved 1527808K, committed 57344K, used 34816K [0x00000000a2c00000, 0x0000000100000000)
  region size 1024K, 19 young (19456K), 4 survivors (4096K)
 Metaspace       used 35467K, committed 35968K, reserved 1114112K
  class space    used 4597K, committed 4800K, reserved 1048576K
}
Event: 14.894 GC heap after
{Heap after GC invocations=8 (full 0):
 garbage-first heap   total reserved 1527808K, committed 57344K, used 22857K [0x00000000a2c00000, 0x0000000100000000)
  region size 1024K, 1 young (1024K), 1 survivors (1024K)
 Metaspace       used 35467K, committed 35968K, reserved 1114112K
  class space    used 4597K, committed 4800K, reserved 1048576K
}
Event: 17.929 GC heap before
{Heap before GC invocations=9 (full 0):
 garbage-first heap   total reserved 1527808K, committed 57344K, used 48457K [0x00000000a2c00000, 0x0000000100000000)
  region size 1024K, 26 young (26624K), 1 survivors (1024K)
 Metaspace       used 41350K, committed 41856K, reserved 1114112K
  class space    used 5571K, committed 5824K, reserved 1048576K
}
Event: 17.936 GC heap after
{Heap after GC invocations=10 (full 0):
 garbage-first heap   total reserved 1527808K, committed 57344K, used 24347K [0x00000000a2c00000, 0x0000000100000000)
  region size 1024K, 3 young (3072K), 3 survivors (3072K)
 Metaspace       used 41350K, committed 41856K, reserved 1114112K
  class space    used 5571K, committed 5824K, reserved 1048576K
}
Event: 20.942 GC heap before
{Heap before GC invocations=10 (full 0):
 garbage-first heap   total reserved 1527808K, committed 57344K, used 47899K [0x00000000a2c00000, 0x0000000100000000)
  region size 1024K, 27 young (27648K), 3 survivors (3072K)
 Metaspace       used 51165K, committed 51648K, reserved 1114112K
  class space    used 6777K, committed 6976K, reserved 1048576K
}
Event: 20.951 GC heap after
{Heap after GC invocations=11 (full 0):
 garbage-first heap   total reserved 1527808K, committed 57344K, used 25795K [0x00000000a2c00000, 0x0000000100000000)
  region size 1024K, 4 young (4096K), 4 survivors (4096K)
 Metaspace       used 51165K, committed 51648K, reserved 1114112K
  class space    used 6777K, committed 6976K, reserved 1048576K
}
Event: 21.831 GC heap before
{Heap before GC invocations=11 (full 0):
 garbage-first heap   total reserved 1527808K, committed 57344K, used 47299K [0x00000000a2c00000, 0x0000000100000000)
  region size 1024K, 26 young (26624K), 4 survivors (4096K)
 Metaspace       used 54238K, committed 54848K, reserved 1114112K
  class space    used 7152K, committed 7424K, reserved 1048576K
}
Event: 21.840 GC heap after
{Heap after GC invocations=12 (full 0):
 garbage-first heap   total reserved 1527808K, committed 57344K, used 27160K [0x00000000a2c00000, 0x0000000100000000)
  region size 1024K, 2 young (2048K), 2 survivors (2048K)
 Metaspace       used 54238K, committed 54848K, reserved 1114112K
  class space    used 7152K, committed 7424K, reserved 1048576K
}
Event: 22.602 GC heap before
{Heap before GC invocations=12 (full 0):
 garbage-first heap   total reserved 1527808K, committed 57344K, used 43544K [0x00000000a2c00000, 0x0000000100000000)
  region size 1024K, 20 young (20480K), 2 survivors (2048K)
 Metaspace       used 59508K, committed 60096K, reserved 1114112K
  class space    used 8039K, committed 8320K, reserved 1048576K
}
Event: 22.608 GC heap after
{Heap after GC invocations=13 (full 0):
 garbage-first heap   total reserved 1527808K, committed 57344K, used 27953K [0x00000000a2c00000, 0x0000000100000000)
  region size 1024K, 3 young (3072K), 3 survivors (3072K)
 Metaspace       used 59508K, committed 60096K, reserved 1114112K
  class space    used 8039K, committed 8320K, reserved 1048576K
}
Event: 23.216 GC heap before
{Heap before GC invocations=14 (full 0):
 garbage-first heap   total reserved 1527808K, committed 57344K, used 49457K [0x00000000a2c00000, 0x0000000100000000)
  region size 1024K, 24 young (24576K), 3 survivors (3072K)
 Metaspace       used 60787K, committed 61440K, reserved 1114112K
  class space    used 8259K, committed 8576K, reserved 1048576K
}
Event: 23.222 GC heap after
{Heap after GC invocations=15 (full 0):
 garbage-first heap   total reserved 1527808K, committed 57344K, used 28551K [0x00000000a2c00000, 0x0000000100000000)
  region size 1024K, 2 young (2048K), 2 survivors (2048K)
 Metaspace       used 60787K, committed 61440K, reserved 1114112K
  class space    used 8259K, committed 8576K, reserved 1048576K
}
Event: 25.710 GC heap before
{Heap before GC invocations=15 (full 0):
 garbage-first heap   total reserved 1527808K, committed 57344K, used 49031K [0x00000000a2c00000, 0x0000000100000000)
  region size 1024K, 23 young (23552K), 2 survivors (2048K)
 Metaspace       used 65022K, committed 65664K, reserved 1114112K
  class space    used 8896K, committed 9216K, reserved 1048576K
}
Event: 25.717 GC heap after
{Heap after GC invocations=16 (full 0):
 garbage-first heap   total reserved 1527808K, committed 69632K, used 29362K [0x00000000a2c00000, 0x0000000100000000)
  region size 1024K, 3 young (3072K), 3 survivors (3072K)
 Metaspace       used 65022K, committed 65664K, reserved 1114112K
  class space    used 8896K, committed 9216K, reserved 1048576K
}

